<?xml version="1.0" encoding="UTF-8"?>
<testng-results ignored="0" total="1" passed="1" failed="0" skipped="0">
  <reporter-output>
  </reporter-output>
  <suite started-at="2021-10-21T12:05:20 IST" name="Default suite" finished-at="2021-10-21T12:05:39 IST" duration-ms="19424">
    <groups>
    </groups>
    <test started-at="2021-10-21T12:05:20 IST" name="Default test" finished-at="2021-10-21T12:05:39 IST" duration-ms="19424">
      <class name="com.allegis.tests.FirstTestClass">
        <test-method is-config="true" signature="setup()[pri:0, instance:com.allegis.tests.FirstTestClass@3d5c822d]" started-at="2021-10-21T12:05:20 IST" name="setup" finished-at="2021-10-21T12:05:27 IST" duration-ms="7007" status="PASS">
          <reporter-output>
          </reporter-output>
        </test-method> <!-- setup -->
        <test-method signature="firstTest()[pri:0, instance:com.allegis.tests.FirstTestClass@3d5c822d]" started-at="2021-10-21T12:05:27 IST" name="firstTest" finished-at="2021-10-21T12:05:38 IST" duration-ms="11011" status="PASS">
          <reporter-output>
          </reporter-output>
        </test-method> <!-- firstTest -->
        <test-method is-config="true" signature="close()[pri:0, instance:com.allegis.tests.FirstTestClass@3d5c822d]" started-at="2021-10-21T12:05:38 IST" name="close" finished-at="2021-10-21T12:05:39 IST" duration-ms="1256" status="PASS">
          <reporter-output>
          </reporter-output>
        </test-method> <!-- close -->
      </class> <!-- com.allegis.tests.FirstTestClass -->
    </test> <!-- Default test -->
  </suite> <!-- Default suite -->
</testng-results>
